The system is: Linux - 5.0.0-27-generic - x86_64
Compiling the C compiler identification source file "CMakeCCompilerId.c" succeeded.
Compiler: /usr/bin/cc 
Build flags: 
Id flags:  

The output was:
0


Compilation of the C compiler identification source "CMakeCCompilerId.c" produced "a.out"

The C compiler identification is GNU, found in "/media/a2152410/home/dataStructures/FilaOrdenada/cmake-build-debug/CMakeFiles/3.14.5/CompilerIdC/a.out"

Determining if the C compiler works passed with the following output:
Change Dir: /media/a2152410/home/dataStructures/FilaOrdenada/cmake-build-debug/CMakeFiles/CMakeTmp

Run Build Command(s):/usr/bin/make cmTC_5a34e/fast 
/usr/bin/make -f CMakeFiles/cmTC_5a34e.dir/build.make CMakeFiles/cmTC_5a34e.dir/build
make[1]: Entering directory '/media/a2152410/home/dataStructures/FilaOrdenada/cmake-build-debug/CMakeFiles/CMakeTmp'
Building C object CMakeFiles/cmTC_5a34e.dir/testCCompiler.c.o
/usr/bin/cc    -o CMakeFiles/cmTC_5a34e.dir/testCCompiler.c.o   -c /media/a2152410/home/dataStructures/FilaOrdenada/cmake-build-debug/CMakeFiles/CMakeTmp/testCCompiler.c
Linking C executable cmTC_5a34e
/snap/clion/82/bin/cmake/linux/bin/cmake -E cmake_link_script CMakeFiles/cmTC_5a34e.dir/link.txt --verbose=1
/usr/bin/cc      CMakeFiles/cmTC_5a34e.dir/testCCompiler.c.o  -o cmTC_5a34e 
make[1]: Leaving directory '/media/a2152410/home/dataStructures/FilaOrdenada/cmake-build-debug/CMakeFiles/CMakeTmp'


